{"C:\\Users\\Devi Andri Aldi\\Documents\\altera\\materi-tugas-altera\\tugas-week-2\\Problem-Solving-Paradigm-1\\Part1\\problem1\\problem1.ts": {"path":"C:\\Users\\Devi Andri Aldi\\Documents\\altera\\materi-tugas-altera\\tugas-week-2\\Problem-Solving-Paradigm-1\\Part1\\problem1\\problem1.ts","statementMap":{"0":{"start":{"line":11,"column":12},"end":{"line":11,"column":29}},"1":{"start":{"line":14,"column":2},"end":{"line":26,"column":null}},"2":{"start":{"line":14,"column":15},"end":{"line":14,"column":16}},"3":{"start":{"line":15,"column":4},"end":{"line":25,"column":null}},"4":{"start":{"line":15,"column":17},"end":{"line":15,"column":22}},"5":{"start":{"line":16,"column":6},"end":{"line":24,"column":null}},"6":{"start":{"line":16,"column":19},"end":{"line":16,"column":24}},"7":{"start":{"line":17,"column":8},"end":{"line":23,"column":null}},"8":{"start":{"line":22,"column":10},"end":{"line":22,"column":36}},"9":{"start":{"line":27,"column":2},"end":{"line":27,"column":33}},"10":{"start":{"line":30,"column":0},"end":{"line":30,"column":31}}},"fnMap":{"0":{"name":"simpleEquations","decl":{"start":{"line":1,"column":9},"end":{"line":1,"column":24}},"loc":{"start":{"line":1,"column":56},"end":{"line":28,"column":1}}}},"branchMap":{"0":{"loc":{"start":{"line":17,"column":8},"end":{"line":23,"column":null}},"type":"if","locations":[{"start":{"line":17,"column":8},"end":{"line":23,"column":null}}]},"1":{"loc":{"start":{"line":18,"column":10},"end":{"line":20,"column":40}},"type":"binary-expr","locations":[{"start":{"line":18,"column":10},"end":{"line":18,"column":25}},{"start":{"line":19,"column":10},"end":{"line":19,"column":25}},{"start":{"line":20,"column":10},"end":{"line":20,"column":40}}]},"2":{"loc":{"start":{"line":27,"column":9},"end":{"line":27,"column":32}},"type":"binary-expr","locations":[{"start":{"line":27,"column":9},"end":{"line":27,"column":15}},{"start":{"line":27,"column":19},"end":{"line":27,"column":32}}]}},"s":{"0":2,"1":2,"2":2,"3":17,"4":17,"5":15,"6":15,"7":94,"8":1,"9":2,"10":1},"f":{"0":2},"b":{"0":[1],"1":[94,1,1],"2":[2,1]}}
,"C:\\Users\\Devi Andri Aldi\\Documents\\altera\\materi-tugas-altera\\tugas-week-2\\Problem-Solving-Paradigm-1\\Part1\\problem2\\problem2.ts": {"path":"C:\\Users\\Devi Andri Aldi\\Documents\\altera\\materi-tugas-altera\\tugas-week-2\\Problem-Solving-Paradigm-1\\Part1\\problem2\\problem2.ts","statementMap":{"0":{"start":{"line":4,"column":2},"end":{"line":32,"column":null}},"1":{"start":{"line":5,"column":4},"end":{"line":5,"column":25}},"2":{"start":{"line":7,"column":4},"end":{"line":9,"column":7}},"3":{"start":{"line":8,"column":6},"end":{"line":8,"column":19}},"4":{"start":{"line":10,"column":4},"end":{"line":12,"column":7}},"5":{"start":{"line":11,"column":6},"end":{"line":11,"column":19}},"6":{"start":{"line":14,"column":33},"end":{"line":14,"column":34}},"7":{"start":{"line":15,"column":16},"end":{"line":15,"column":25}},"8":{"start":{"line":16,"column":4},"end":{"line":24,"column":null}},"9":{"start":{"line":17,"column":6},"end":{"line":23,"column":null}},"10":{"start":{"line":17,"column":19},"end":{"line":17,"column":20}},"11":{"start":{"line":18,"column":8},"end":{"line":22,"column":null}},"12":{"start":{"line":19,"column":10},"end":{"line":19,"column":52}},"13":{"start":{"line":20,"column":10},"end":{"line":20,"column":36}},"14":{"start":{"line":21,"column":10},"end":{"line":21,"column":16}},"15":{"start":{"line":25,"column":4},"end":{"line":30,"column":null}},"16":{"start":{"line":27,"column":39},"end":{"line":27,"column":57}},"17":{"start":{"line":29,"column":6},"end":{"line":29,"column":36}},"18":{"start":{"line":31,"column":4},"end":{"line":31,"column":25}},"19":{"start":{"line":35,"column":0},"end":{"line":35,"column":32}}},"fnMap":{"0":{"name":"dragonOfLoowater","decl":{"start":{"line":1,"column":9},"end":{"line":1,"column":25}},"loc":{"start":{"line":1,"column":70},"end":{"line":33,"column":1}}},"1":{"name":"(anonymous_1)","decl":{"start":{"line":7,"column":20},"end":{"line":7,"column":21}},"loc":{"start":{"line":7,"column":29},"end":{"line":9,"column":5}}},"2":{"name":"(anonymous_2)","decl":{"start":{"line":10,"column":22},"end":{"line":10,"column":23}},"loc":{"start":{"line":10,"column":31},"end":{"line":12,"column":5}}},"3":{"name":"(anonymous_3)","decl":{"start":{"line":27,"column":26},"end":{"line":27,"column":27}},"loc":{"start":{"line":27,"column":39},"end":{"line":27,"column":57}}}},"branchMap":{"0":{"loc":{"start":{"line":4,"column":2},"end":{"line":32,"column":null}},"type":"if","locations":[{"start":{"line":4,"column":2},"end":{"line":32,"column":null}},{"start":{"line":6,"column":9},"end":{"line":32,"column":null}}]},"1":{"loc":{"start":{"line":18,"column":8},"end":{"line":22,"column":null}},"type":"if","locations":[{"start":{"line":18,"column":8},"end":{"line":22,"column":null}}]},"2":{"loc":{"start":{"line":25,"column":4},"end":{"line":30,"column":null}},"type":"if","locations":[{"start":{"line":25,"column":4},"end":{"line":30,"column":null}}]}},"s":{"0":4,"1":1,"2":3,"3":3,"4":3,"5":14,"6":3,"7":3,"8":3,"9":6,"10":6,"11":15,"12":5,"13":5,"14":5,"15":3,"16":11,"17":2,"18":1,"19":1},"f":{"0":4,"1":3,"2":14,"3":11},"b":{"0":[1,3],"1":[5],"2":[2]}}
}
