TN:
SF:Part1\problem1\problem1.ts
FN:1,simpleEquations
FNF:1
FNH:1
FNDA:2,simpleEquations
DA:11,2
DA:14,2
DA:15,17
DA:16,15
DA:17,94
DA:22,1
DA:27,2
DA:30,1
LF:8
LH:8
BRDA:17,0,0,1
BRDA:18,1,0,94
BRDA:18,1,1,1
BRDA:18,1,2,1
BRDA:27,2,0,2
BRDA:27,2,1,1
BRF:6
BRH:6
end_of_record
TN:
SF:Part1\problem2\problem2.ts
FN:1,dragonOfLoowater
FN:7,(anonymous_1)
FN:10,(anonymous_2)
FN:27,(anonymous_3)
FNF:4
FNH:4
FNDA:4,dragonOfLoowater
FNDA:3,(anonymous_1)
FNDA:14,(anonymous_2)
FNDA:11,(anonymous_3)
DA:4,4
DA:5,1
DA:7,3
DA:8,3
DA:10,3
DA:11,14
DA:14,3
DA:15,3
DA:16,3
DA:17,6
DA:18,15
DA:19,5
DA:20,5
DA:21,5
DA:25,3
DA:27,11
DA:29,2
DA:31,1
DA:35,1
LF:19
LH:19
BRDA:4,0,0,1
BRDA:4,0,1,3
BRDA:18,1,0,5
BRDA:25,2,0,2
BRF:4
BRH:4
end_of_record
